0x00_0x00_0x00_0x00_0x00_0x00_0x00_0x00_0x00_0x00_0x00_0x00_0x00_0x00_0x00_0x00_0x00_0x00_0x00_0x00_0x00_0x00_0x00_0x00_0x00_0x00_0x00_0x00_
0x00_0x00_0x00_0x00_0x00_0x00_0x00_0x00_0x00_0x00_0x00_0x00_0x00_0x00_0x00_0x00_0x00_0x00_0x00_0x00_0x00_0x00_0x00_0x00_0x00_0x00_0x00_0x00_
0x00_0x00_0x00_0x00_0x00_0x00_0x00_0x00_0x00_0x00_0x00_0x00_0x00_0x00_0x00_0x00_0x00_0x00_0x00_0x00_0x00_0x00_0x00_0x00_0x00_0x00_0x00_0x00_
0x00_0x00_0x00_0x00_0x00_0x00_0x00_0x00_0x00_0x00_0x00_0x00_0x00_0x00_0x00_0x00_0x00_0x00_0x00_0x00_0x00_0x00_0x00_0x00_0x00_0x00_0x00_0x00_
0x00_0x00_0x00_0x00_0x00_0x00_0x00_0x00_0x00_0x00_0x00_0x00_0x00_0x00_0x00_0x00_0x00_0x00_0x00_0x00_0x00_0x00_0x00_0x00_0x00_0x00_0x00_0x00_
0x00_0x00_0x00_0x00_0x00_0x00_0x00_0x00_0x00_0x00_0x00_0x00_0x00_0x00_0x00_0x00_0x00_0x00_0x00_0x00_0x00_0x00_0x00_0x00_0x00_0x00_0x00_0x00_
0x00_0x00_0x00_0x00_0x00_0x00_0x00_0x00_0x00_0x00_0x00_0x00_0x00_0x00_0x00_0x00_0x00_0x00_0x00_0x00_0x00_0x00_0x00_0x00_0x00_0x00_0x00_0x00_
0x00_0x00_0x00_0x00_0x00_0x00_0x54_0xb9_0x9f_0x97_0x3c_0x24_0x00_0x00_0x00_0x00_0x00_0x00_0x00_0x00_0x00_0x00_0x00_0x00_0x00_0x00_0x00_0x00_
0x00_0x00_0x00_0x00_0x00_0x00_0xde_0xfe_0xfe_0xfe_0xfe_0xf1_0xc6_0xc6_0xc6_0xc6_0xc6_0xc6_0xc6_0xc6_0xaa_0x34_0x00_0x00_0x00_0x00_0x00_0x00_
0x00_0x00_0x00_0x00_0x00_0x00_0x43_0x72_0x48_0x72_0xa3_0xe3_0xfe_0xe1_0xfe_0xfe_0xfe_0xfa_0xe5_0xfe_0xfe_0x8c_0x00_0x00_0x00_0x00_0x00_0x00_
0x00_0x00_0x00_0x00_0x00_0x00_0x00_0x00_0x00_0x00_0x00_0x11_0x42_0x0e_0x43_0x43_0x43_0x3b_0x15_0xec_0xfe_0x6a_0x00_0x00_0x00_0x00_0x00_0x00_
0x00_0x00_0x00_0x00_0x00_0x00_0x00_0x00_0x00_0x00_0x00_0x00_0x00_0x00_0x00_0x00_0x00_0x00_0x53_0xfd_0xd1_0x12_0x00_0x00_0x00_0x00_0x00_0x00_
0x00_0x00_0x00_0x00_0x00_0x00_0x00_0x00_0x00_0x00_0x00_0x00_0x00_0x00_0x00_0x00_0x00_0x16_0xe9_0xff_0x53_0x00_0x00_0x00_0x00_0x00_0x00_0x00_
0x00_0x00_0x00_0x00_0x00_0x00_0x00_0x00_0x00_0x00_0x00_0x00_0x00_0x00_0x00_0x00_0x00_0x81_0xfe_0xee_0x2c_0x00_0x00_0x00_0x00_0x00_0x00_0x00_
0x00_0x00_0x00_0x00_0x00_0x00_0x00_0x00_0x00_0x00_0x00_0x00_0x00_0x00_0x00_0x00_0x3b_0xf9_0xfe_0x3e_0x00_0x00_0x00_0x00_0x00_0x00_0x00_0x00_
0x00_0x00_0x00_0x00_0x00_0x00_0x00_0x00_0x00_0x00_0x00_0x00_0x00_0x00_0x00_0x00_0x85_0xfe_0xbb_0x05_0x00_0x00_0x00_0x00_0x00_0x00_0x00_0x00_
0x00_0x00_0x00_0x00_0x00_0x00_0x00_0x00_0x00_0x00_0x00_0x00_0x00_0x00_0x00_0x09_0xcd_0xf8_0x3a_0x00_0x00_0x00_0x00_0x00_0x00_0x00_0x00_0x00_
0x00_0x00_0x00_0x00_0x00_0x00_0x00_0x00_0x00_0x00_0x00_0x00_0x00_0x00_0x00_0x7e_0xfe_0xb6_0x00_0x00_0x00_0x00_0x00_0x00_0x00_0x00_0x00_0x00_
0x00_0x00_0x00_0x00_0x00_0x00_0x00_0x00_0x00_0x00_0x00_0x00_0x00_0x00_0x4b_0xfb_0xf0_0x39_0x00_0x00_0x00_0x00_0x00_0x00_0x00_0x00_0x00_0x00_
0x00_0x00_0x00_0x00_0x00_0x00_0x00_0x00_0x00_0x00_0x00_0x00_0x00_0x13_0xdd_0xfe_0xa6_0x00_0x00_0x00_0x00_0x00_0x00_0x00_0x00_0x00_0x00_0x00_
0x00_0x00_0x00_0x00_0x00_0x00_0x00_0x00_0x00_0x00_0x00_0x00_0x03_0xcb_0xfe_0xdb_0x23_0x00_0x00_0x00_0x00_0x00_0x00_0x00_0x00_0x00_0x00_0x00_
0x00_0x00_0x00_0x00_0x00_0x00_0x00_0x00_0x00_0x00_0x00_0x00_0x26_0xfe_0xfe_0x4d_0x00_0x00_0x00_0x00_0x00_0x00_0x00_0x00_0x00_0x00_0x00_0x00_
0x00_0x00_0x00_0x00_0x00_0x00_0x00_0x00_0x00_0x00_0x00_0x1f_0xe0_0xfe_0x73_0x01_0x00_0x00_0x00_0x00_0x00_0x00_0x00_0x00_0x00_0x00_0x00_0x00_
0x00_0x00_0x00_0x00_0x00_0x00_0x00_0x00_0x00_0x00_0x00_0x85_0xfe_0xfe_0x34_0x00_0x00_0x00_0x00_0x00_0x00_0x00_0x00_0x00_0x00_0x00_0x00_0x00_
0x00_0x00_0x00_0x00_0x00_0x00_0x00_0x00_0x00_0x00_0x3d_0xf2_0xfe_0xfe_0x34_0x00_0x00_0x00_0x00_0x00_0x00_0x00_0x00_0x00_0x00_0x00_0x00_0x00_
0x00_0x00_0x00_0x00_0x00_0x00_0x00_0x00_0x00_0x00_0x79_0xfe_0xfe_0xdb_0x28_0x00_0x00_0x00_0x00_0x00_0x00_0x00_0x00_0x00_0x00_0x00_0x00_0x00_
0x00_0x00_0x00_0x00_0x00_0x00_0x00_0x00_0x00_0x00_0x79_0xfe_0xcf_0x12_0x00_0x00_0x00_0x00_0x00_0x00_0x00_0x00_0x00_0x00_0x00_0x00_0x00_0x00_
0x00_0x00_0x00_0x00_0x00_0x00_0x00_0x00_0x00_0x00_0x00_0x00_0x00_0x00_0x00_0x00_0x00_0x00_0x00_0x00_0x00_0x00_0x00_0x00_0x00_0x00_0x00_0x00_
